<?xml version="1.0" encoding="UTF-8"?>
<testsuite xmlns:xsi="http://www.w3.org/2001/XMLSchema-instance" xsi:noNamespaceSchemaLocation="https://maven.apache.org/surefire/maven-surefire-plugin/xsd/surefire-test-report-3.0.xsd" version="3.0" name="br.com.iouone.eureka.EurekaApplicationTests" time="10.815" tests="1" errors="0" skipped="0" failures="0">
  <properties>
[...]
</properties>
  <testcase name="contextLoads" classname="br.com.iouone.eureka.EurekaApplicationTests" time="1.703">
    <system-out><![CDATA[Standard Commons Logging discovery in action with spring-jcl: please remove commons-logging.jar from classpath in order to avoid potential conflicts
20:00:34.898 [main] INFO org.springframework.test.context.support.AnnotationConfigContextLoaderUtils -- Could not detect default configuration classes for test class [br.com.iouone.eureka.EurekaApplicationTests]: EurekaApplicationTests does not declare any static, non-private, non-final, nested classes annotated with @Configuration.
20:00:35.190 [main] INFO org.springframework.boot.test.context.SpringBootTestContextBootstrapper -- Found @SpringBootConfiguration br.com.iouone.eureka.EurekaApplication for test class br.com.iouone.eureka.EurekaApplicationTests

  .   ____          _            __ _ _
 /\\ / ___'_ __ _ _(_)_ __  __ _ \ \ \ \
( ( )\___ | '_ | '_| | '_ \/ _` | \ \ \ \
 \\/  ___)| |_)| | | | | || (_| |  ) ) ) )
  '  |____| .__|_| |_|_| |_\__, | / / / /
 =========|_|==============|___/=/_/_/_/

 :: Spring Boot ::                (v3.3.3)

2024-12-17T20:00:36.350-03:00  INFO 12296 --- [eurekaserver] [           main] b.c.i.eureka.EurekaApplicationTests      : Starting EurekaApplicationTests using Java 21.0.2 with PID 12296 (started by heber in C:\Users\heber\OneDrive\Área de Trabalho\Projetos\iouone-eureka-serv\eureka)
2024-12-17T20:00:36.353-03:00  INFO 12296 --- [eurekaserver] [           main] b.c.i.eureka.EurekaApplicationTests      : No active profile set, falling back to 1 default profile: "default"
2024-12-17T20:00:38.771-03:00  INFO 12296 --- [eurekaserver] [           main] o.s.cloud.context.scope.GenericScope     : BeanFactory id=4d7b9042-3a92-3cb7-8d29-31dd8e532bdf
2024-12-17T20:00:38.947-03:00  WARN 12296 --- [eurekaserver] [           main] trationDelegate$BeanPostProcessorChecker : Bean 'org.springframework.cloud.client.loadbalancer.LoadBalancerAutoConfiguration$DeferringLoadBalancerInterceptorConfig' of type [org.springframework.cloud.client.loadbalancer.LoadBalancerAutoConfiguration$DeferringLoadBalancerInterceptorConfig] is not eligible for getting processed by all BeanPostProcessors (for example: not eligible for auto-proxying). The currently created BeanPostProcessor [lbRestClientPostProcessor] is declared through a non-static factory method on that class; consider declaring it as static instead.
2024-12-17T20:00:38.955-03:00  WARN 12296 --- [eurekaserver] [           main] trationDelegate$BeanPostProcessorChecker : Bean 'deferringLoadBalancerInterceptor' of type [org.springframework.cloud.client.loadbalancer.DeferringLoadBalancerInterceptor] is not eligible for getting processed by all BeanPostProcessors (for example: not eligible for auto-proxying). Is this bean getting eagerly injected into a currently created BeanPostProcessor [lbRestClientPostProcessor]? Check the corresponding BeanPostProcessor declaration and its dependencies.
2024-12-17T20:00:41.658-03:00  WARN 12296 --- [eurekaserver] [           main] iguration$LoadBalancerCaffeineWarnLogger : Spring Cloud LoadBalancer is currently working with the default cache. While this cache implementation is useful for development and tests, it's recommended to use Caffeine cache in production.You can switch to using Caffeine cache, by adding it and org.springframework.cache.caffeine.CaffeineCacheManager to the classpath.
2024-12-17T20:00:42.152-03:00  INFO 12296 --- [eurekaserver] [           main] o.s.c.n.eureka.InstanceInfoFactory       : Setting initial instance status as: STARTING
2024-12-17T20:00:42.198-03:00  INFO 12296 --- [eurekaserver] [           main] com.netflix.discovery.DiscoveryClient    : Initializing Eureka in region us-east-1
2024-12-17T20:00:42.208-03:00  INFO 12296 --- [eurekaserver] [           main] com.netflix.discovery.DiscoveryClient    : Client configured to neither register nor query for data.
2024-12-17T20:00:42.214-03:00  INFO 12296 --- [eurekaserver] [           main] com.netflix.discovery.DiscoveryClient    : Discovery Client initialized at timestamp 1734476442213 with initial instances count: 0
2024-12-17T20:00:42.311-03:00  INFO 12296 --- [eurekaserver] [           main] c.n.eureka.DefaultEurekaServerContext    : Initializing ...
2024-12-17T20:00:42.315-03:00  INFO 12296 --- [eurekaserver] [           main] c.n.eureka.cluster.PeerEurekaNodes       : Adding new peer nodes [http://localhost:8761/eureka/]
2024-12-17T20:00:42.732-03:00  INFO 12296 --- [eurekaserver] [           main] c.n.d.provider.DiscoveryJerseyProvider   : Using JSON encoding codec LegacyJacksonJson
2024-12-17T20:00:42.732-03:00  INFO 12296 --- [eurekaserver] [           main] c.n.d.provider.DiscoveryJerseyProvider   : Using JSON decoding codec LegacyJacksonJson
2024-12-17T20:00:42.732-03:00  INFO 12296 --- [eurekaserver] [           main] c.n.d.provider.DiscoveryJerseyProvider   : Using XML encoding codec XStreamXml
2024-12-17T20:00:42.732-03:00  INFO 12296 --- [eurekaserver] [           main] c.n.d.provider.DiscoveryJerseyProvider   : Using XML decoding codec XStreamXml
2024-12-17T20:00:42.911-03:00  INFO 12296 --- [eurekaserver] [           main] c.n.eureka.cluster.PeerEurekaNodes       : Replica node URL:  http://localhost:8761/eureka/
2024-12-17T20:00:42.932-03:00  INFO 12296 --- [eurekaserver] [           main] c.n.e.registry.AbstractInstanceRegistry  : Finished initializing remote region registries. All known remote regions: []
2024-12-17T20:00:42.932-03:00  INFO 12296 --- [eurekaserver] [           main] c.n.eureka.DefaultEurekaServerContext    : Initialized
2024-12-17T20:00:43.125-03:00  INFO 12296 --- [eurekaserver] [           main] o.s.b.a.e.web.EndpointLinksResolver      : Exposing 1 endpoint beneath base path '/actuator'
2024-12-17T20:00:43.239-03:00  INFO 12296 --- [eurekaserver] [           main] o.s.c.n.e.s.EurekaServiceRegistry        : Registering application EUREKASERVER with eureka with status UP
2024-12-17T20:00:43.268-03:00  INFO 12296 --- [eurekaserver] [           main] b.c.i.eureka.EurekaApplicationTests      : Started EurekaApplicationTests in 7.714 seconds (process running for 10.264)
2024-12-17T20:00:43.288-03:00  INFO 12296 --- [eurekaserver] [      Thread-10] o.s.c.n.e.server.EurekaServerBootstrap   : isAws returned false
2024-12-17T20:00:43.290-03:00  INFO 12296 --- [eurekaserver] [      Thread-10] o.s.c.n.e.server.EurekaServerBootstrap   : Initialized server context
2024-12-17T20:00:43.290-03:00  INFO 12296 --- [eurekaserver] [      Thread-10] c.n.e.r.PeerAwareInstanceRegistryImpl    : Got 1 instances from neighboring DS node
2024-12-17T20:00:43.290-03:00  INFO 12296 --- [eurekaserver] [      Thread-10] c.n.e.r.PeerAwareInstanceRegistryImpl    : Renew threshold is: 1
2024-12-17T20:00:43.290-03:00  INFO 12296 --- [eurekaserver] [      Thread-10] c.n.e.r.PeerAwareInstanceRegistryImpl    : Changing status to UP
2024-12-17T20:00:43.298-03:00  INFO 12296 --- [eurekaserver] [      Thread-10] e.s.EurekaServerInitializerConfiguration : Started Eureka Server
]]></system-out>
    <system-err><![CDATA[WARNING: A Java agent has been loaded dynamically (C:\Users\heber\.m2\repository\net\bytebuddy\byte-buddy-agent\1.14.19\byte-buddy-agent-1.14.19.jar)
WARNING: If a serviceability tool is in use, please run with -XX:+EnableDynamicAgentLoading to hide this warning
WARNING: If a serviceability tool is not in use, please run with -Djdk.instrument.traceUsage for more information
WARNING: Dynamic loading of agents will be disallowed by default in a future release
]]></system-err>
  </testcase>
</testsuite>